HelmDoc scan report
Chart: ingress-nginx@4.15.1

Overall: B
Score: 84.5/100
Total findings: 13

Categories:
- Security: B (85.0/100, weight 3.0, findings 1)
- Resources: D (60.0/100, weight 2.5, findings 5)
- Storage: A (100.0/100, weight 1.5, findings 0)
- Health: D (68.0/100, weight 2.0, findings 4)
- Availability: A (92.0/100, weight 1.0, findings 1)
- Network: A (92.0/100, weight 1.0, findings 1)
- Images: A (100.0/100, weight 1.0, findings 0)
- Ingress: A (100.0/100, weight 1.0, findings 0)
- Scaling: A (92.0/100, weight 1.0, findings 1)
- Config: A (100.0/100, weight 1.0, findings 0)

Findings:
Security findings (1):
- [SEC003][error] Deployment/helmdoc-ingress-nginx-controller @ templates/controller-deployment.yaml
  Title: Container root filesystem is writable
  Description: container "controller" in Deployment/helmdoc-ingress-nginx-controller does not set readOnlyRootFilesystem: true.
  Remediation: Set container "controller" securityContext.readOnlyRootFilesystem to true.

Resources findings (5):
- [RES001][warning] Job/helmdoc-ingress-nginx-admission-create @ templates/admission-webhooks/job-patch/job-createSecret.yaml
  Title: Container resource limits are missing
  Description: container "create" in Job/helmdoc-ingress-nginx-admission-create does not define resource limits.
  Remediation: Set controller.admissionWebhooks.createSecretJob.resources.limits in values.yaml. The chart already exposes controller.admissionWebhooks.createSecretJob.resources, but its default leaves limits empty.
- [RES001][warning] Job/helmdoc-ingress-nginx-admission-patch @ templates/admission-webhooks/job-patch/job-patchWebhook.yaml
  Title: Container resource limits are missing
  Description: container "patch" in Job/helmdoc-ingress-nginx-admission-patch does not define resource limits.
  Remediation: Set controller.admissionWebhooks.patchWebhookJob.resources.limits in values.yaml. The chart already exposes controller.admissionWebhooks.patchWebhookJob.resources, but its default leaves limits empty.
- [RES001][warning] Deployment/helmdoc-ingress-nginx-controller @ templates/controller-deployment.yaml
  Title: Container resource limits are missing
  Description: container "controller" in Deployment/helmdoc-ingress-nginx-controller does not define resource limits.
  Remediation: Set controller.resources.limits in values.yaml. The chart already exposes controller.resources, but its default leaves limits empty.
- [RES002][warning] Job/helmdoc-ingress-nginx-admission-create @ templates/admission-webhooks/job-patch/job-createSecret.yaml
  Title: Container resource requests are missing
  Description: container "create" in Job/helmdoc-ingress-nginx-admission-create does not define resource requests.
  Remediation: Set controller.admissionWebhooks.createSecretJob.resources.requests in values.yaml. The chart already exposes controller.admissionWebhooks.createSecretJob.resources, but its default leaves requests empty.
- [RES002][warning] Job/helmdoc-ingress-nginx-admission-patch @ templates/admission-webhooks/job-patch/job-patchWebhook.yaml
  Title: Container resource requests are missing
  Description: container "patch" in Job/helmdoc-ingress-nginx-admission-patch does not define resource requests.
  Remediation: Set controller.admissionWebhooks.patchWebhookJob.resources.requests in values.yaml. The chart already exposes controller.admissionWebhooks.patchWebhookJob.resources, but its default leaves requests empty.

Health findings (4):
- [HLT001][warning] Job/helmdoc-ingress-nginx-admission-create @ templates/admission-webhooks/job-patch/job-createSecret.yaml
  Title: Container liveness probe is missing
  Description: container "create" in Job/helmdoc-ingress-nginx-admission-create has no livenessProbe.
  Remediation: Add livenessProbe directly to the template for container "create" or expose controller.admissionWebhooks.createSecretJob.livenessProbe in values.yaml.
- [HLT001][warning] Job/helmdoc-ingress-nginx-admission-patch @ templates/admission-webhooks/job-patch/job-patchWebhook.yaml
  Title: Container liveness probe is missing
  Description: container "patch" in Job/helmdoc-ingress-nginx-admission-patch has no livenessProbe.
  Remediation: Add livenessProbe directly to the template for container "patch" or expose controller.admissionWebhooks.patchWebhookJob.livenessProbe in values.yaml.
- [HLT002][warning] Job/helmdoc-ingress-nginx-admission-create @ templates/admission-webhooks/job-patch/job-createSecret.yaml
  Title: Container readiness probe is missing
  Description: container "create" in Job/helmdoc-ingress-nginx-admission-create has no readinessProbe.
  Remediation: Add readinessProbe directly to the template for container "create" or expose controller.admissionWebhooks.createSecretJob.readinessProbe in values.yaml.
- [HLT002][warning] Job/helmdoc-ingress-nginx-admission-patch @ templates/admission-webhooks/job-patch/job-patchWebhook.yaml
  Title: Container readiness probe is missing
  Description: container "patch" in Job/helmdoc-ingress-nginx-admission-patch has no readinessProbe.
  Remediation: Add readinessProbe directly to the template for container "patch" or expose controller.admissionWebhooks.patchWebhookJob.readinessProbe in values.yaml.

Availability findings (1):
- [AVL001][warning] Deployment/helmdoc-ingress-nginx-controller @ templates/controller-deployment.yaml
  Title: Workload has no matching PodDisruptionBudget
  Description: Deployment/helmdoc-ingress-nginx-controller has no matching PodDisruptionBudget in namespace "default".
  Remediation: Render a PodDisruptionBudget whose selector matches Deployment/helmdoc-ingress-nginx-controller in namespace "default".

Network findings (1):
- [NET001][warning] Deployment/helmdoc-ingress-nginx-controller @ templates/controller-deployment.yaml
  Title: Workload namespace has no NetworkPolicy
  Description: Deployment/helmdoc-ingress-nginx-controller is rendered in namespace "default", but no NetworkPolicy is rendered for that namespace.
  Remediation: Enable a chart networkPolicy setting in values.yaml so namespace "default" renders at least one NetworkPolicy for Deployment/helmdoc-ingress-nginx-controller.

Scaling findings (1):
- [SCL001][warning] Deployment/helmdoc-ingress-nginx-controller @ templates/controller-deployment.yaml
  Title: Workload has no matching HorizontalPodAutoscaler
  Description: Deployment/helmdoc-ingress-nginx-controller has no matching HorizontalPodAutoscaler in namespace "default".
  Remediation: Render a HorizontalPodAutoscaler with scaleTargetRef matching Deployment/helmdoc-ingress-nginx-controller in namespace "default".
